<?xml version="1.0" encoding="UTF-8"?>
<!-- Generated by org.testng.reporters.JUnitReportReporter -->
<testsuite hostname="DESKTOP-8CEJNNS" failures="0" tests="1" name="Grid.FlipkartTestNG" time="6.947" errors="0" timestamp="2023-06-09T15:20:33 IST" skipped="0">
  <testcase classname="Grid.FlipkartTestNG" name="testMethod" time="6.947"/>
  <system-out/>
</testsuite> <!-- Grid.FlipkartTestNG -->
