<?xml version="1.0" encoding="UTF-8"?>
<!-- Generated by org.testng.reporters.JUnitReportReporter -->
<testsuite hostname="DESKTOP-8CEJNNS" failures="0" tests="1" name="selenium.NewTest" time="0.001" errors="0" timestamp="2023-06-09T14:44:38 IST" skipped="0">
  <testcase classname="selenium.NewTest" name="f" time="0.001"/>
  <system-out/>
</testsuite> <!-- selenium.NewTest -->
