<?xml version="1.0" encoding="UTF-8"?>
<!-- Generated by org.testng.reporters.JUnitReportReporter -->
<testsuite hostname="DESKTOP-8CEJNNS" failures="0" tests="3" name="selenium.TestNgConcepts" time="0.006" errors="0" timestamp="2023-06-09T14:44:38 IST" skipped="0">
  <testcase classname="selenium.TestNgConcepts" name="testCase" time="0.002"/>
  <system-out/>
  <testcase classname="selenium.TestNgConcepts" name="testCase2" time="0.002"/>
  <system-out/>
  <testcase classname="selenium.TestNgConcepts" name="testScenario1" time="0.002"/>
  <system-out/>
</testsuite> <!-- selenium.TestNgConcepts -->
