<?xml version="1.0" encoding="UTF-8"?>
<!-- Generated by org.testng.reporters.JUnitReportReporter -->
<testsuite hostname="DESKTOP-8CEJNNS" failures="0" tests="3" name="selenium.DemoWebShopTestNG" time="0.380" errors="0" timestamp="2023-06-09T14:44:38 IST" skipped="0">
  <testcase classname="selenium.DemoWebShopTestNG" name="verifyAddToCartPage" time="0.000"/>
  <system-out/>
  <testcase classname="selenium.DemoWebShopTestNG" name="addToCartFirstProduct" time="0.001"/>
  <system-out/>
  <testcase classname="selenium.DemoWebShopTestNG" name="verifyHomePageElements" time="0.379"/>
  <system-out/>
</testsuite> <!-- selenium.DemoWebShopTestNG -->
